<?xml version="1.0" encoding="UTF-8"?>
<!-- Generated by org.testng.reporters.JUnitReportReporter -->
<testsuite hostname="MAVCHN1121673" failures="0" tests="3" name="main_Class.Runner" time="40.812" errors="0" timestamp="2025-05-09T09:48:49 IST" skipped="0">
  <testcase classname="main_Class.Runner" name="runScenario" time="17.783"/>
  <testcase classname="main_Class.Runner" name="runScenario" time="10.644"/>
  <testcase classname="main_Class.Runner" name="runScenario" time="12.385"/>
</testsuite> <!-- main_Class.Runner -->
