<?xml version="1.0" encoding="UTF-8"?>
<!-- Generated by org.testng.reporters.JUnitReportReporter -->
<testsuite hostname="DESKTOP-BRU56L1" failures="0" tests="3" name="main_Class.Runner" time="20.774" errors="0" timestamp="2025-07-14T17:31:47 IST" skipped="0">
  <testcase classname="main_Class.Runner" name="runScenario" time="6.784"/>
  <testcase classname="main_Class.Runner" name="runScenario" time="8.401"/>
  <testcase classname="main_Class.Runner" name="runScenario" time="5.589"/>
</testsuite> <!-- main_Class.Runner -->
