<?xml version="1.0" encoding="UTF-8"?>
<testng-results ignored="0" total="1" passed="1" failed="0" skipped="0">
  <reporter-output>
  </reporter-output>
  <suite started-at="2025-02-04T13:53:14 IST" name="Default suite" finished-at="2025-02-04T13:53:26 IST" duration-ms="11599">
    <groups>
      <group name="cucumber">
        <method signature="AbstractTestNGCucumberTests.runScenario(io.cucumber.testng.PickleWrapper,io.cucumber.testng.FeatureWrapper)[pri:0, instance:main_Class.Runner@41a2befb]" name="runScenario" class="io.cucumber.testng.AbstractTestNGCucumberTests"/>
      </group> <!-- cucumber -->
    </groups>
    <test started-at="2025-02-04T13:53:14 IST" name="Default test" finished-at="2025-02-04T13:53:26 IST" duration-ms="11599">
      <class name="main_Class.Runner">
        <test-method is-config="true" signature="setUpClass(org.testng.ITestContext)[pri:0, instance:main_Class.Runner@41a2befb]" started-at="2025-02-04T13:53:14 IST" name="setUpClass" finished-at="2025-02-04T13:53:14 IST" duration-ms="156" status="PASS">
          <params>
            <param index="0">
              <value>
                <![CDATA[org.testng.TestRunner@30db5536]]>
              </value>
            </param>
          </params>
          <reporter-output>
          </reporter-output>
        </test-method> <!-- setUpClass -->
        <test-method signature="runScenario(io.cucumber.testng.PickleWrapper,io.cucumber.testng.FeatureWrapper)[pri:0, instance:main_Class.Runner@41a2befb]" started-at="2025-02-04T13:53:14 IST" name="runScenario" description="Runs Cucumber Scenarios" data-provider="scenarios" finished-at="2025-02-04T13:53:26 IST" duration-ms="11407" status="PASS">
          <params>
            <param index="0">
              <value>
                <![CDATA["Login Scenarios"]]>
              </value>
            </param>
            <param index="1">
              <value>
                <![CDATA["Login Scenarios"]]>
              </value>
            </param>
          </params>
          <reporter-output>
          </reporter-output>
        </test-method> <!-- runScenario -->
        <test-method is-config="true" signature="tearDownClass()[pri:0, instance:main_Class.Runner@41a2befb]" started-at="2025-02-04T13:53:26 IST" name="tearDownClass" finished-at="2025-02-04T13:53:26 IST" duration-ms="3" status="PASS">
          <reporter-output>
          </reporter-output>
        </test-method> <!-- tearDownClass -->
      </class> <!-- main_Class.Runner -->
    </test> <!-- Default test -->
  </suite> <!-- Default suite -->
</testng-results>
